[I 14:13:23.910 NotebookApp] Serving notebooks from local directory: /home/achal/Imp_Research/Repository
[I 14:13:23.911 NotebookApp] Jupyter Notebook 6.3.0 is running at:
[I 14:13:23.911 NotebookApp] http://localhost:8888/?token=3646335ece3bbd46aeee2955510ea7d23acb0d516263a3dc
[I 14:13:23.911 NotebookApp]  or http://127.0.0.1:8888/?token=3646335ece3bbd46aeee2955510ea7d23acb0d516263a3dc
[I 14:13:23.911 NotebookApp] Use Control-C to stop this server and shut down all kernels (twice to skip confirmation).
[C 14:13:23.916 NotebookApp] 
    
    To access the notebook, open this file in a browser:
        file:///home/achal/.local/share/jupyter/runtime/nbserver-38401-open.html
    Or copy and paste one of these URLs:
        http://localhost:8888/?token=3646335ece3bbd46aeee2955510ea7d23acb0d516263a3dc
     or http://127.0.0.1:8888/?token=3646335ece3bbd46aeee2955510ea7d23acb0d516263a3dc
[W 14:13:28.048 NotebookApp] 404 DELETE /api/sessions/6af07729-56fe-499b-abfa-d5e6a85470bd (::1): Session not found: session_id='6af07729-56fe-499b-abfa-d5e6a85470bd'
[W 14:13:28.049 NotebookApp] Session not found: session_id='6af07729-56fe-499b-abfa-d5e6a85470bd'
[W 14:13:28.049 NotebookApp] 404 DELETE /api/sessions/6af07729-56fe-499b-abfa-d5e6a85470bd (::1) 4.940000ms referer=http://127.0.0.1:8888/notebooks/Imp_Research/Repository/Untitled.ipynb?kernel_name=python3
[I 14:13:28.159 NotebookApp] Kernel started: f781e04c-9b89-4644-b6db-fd029b4dd355, name: python3
[W 14:13:31.545 NotebookApp] 404 GET /api/contents/Imp_Research/Dataset?type=directory&_=1620669934613 (::1): No such file or directory: Imp_Research/Dataset
[W 14:13:31.547 NotebookApp] No such file or directory: Imp_Research/Dataset
[W 14:13:31.547 NotebookApp] 404 GET /api/contents/Imp_Research/Dataset?type=directory&_=1620669934613 (::1) 5.030000ms referer=http://127.0.0.1:8888/tree/Imp_Research/Dataset
[W 14:13:33.743 NotebookApp] 404 GET /tree/Imp_Research/Dataset (::1) 62.170000ms referer=None
[W 14:13:35.970 NotebookApp] 404 GET /tree/Imp_Research/Dataset (::1) 3.040000ms referer=None
[I 14:13:54.619 NotebookApp] 302 GET /?token=3646335ece3bbd46aeee2955510ea7d23acb0d516263a3dc (::1) 1.000000ms
[I 14:13:56.640 NotebookApp] Starting buffering for f781e04c-9b89-4644-b6db-fd029b4dd355:2d8614a7575a45ed858ee7839f7eb45d
[W 14:14:02.317 NotebookApp] Notebook Untitled.ipynb is not trusted
[W 14:14:02.380 NotebookApp] 404 GET /nbextensions/widgets/notebook/js/extension.js?v=20210510141323 (::1) 3.090000ms referer=http://127.0.0.1:8888/notebooks/Untitled.ipynb
[I 14:14:02.551 NotebookApp] Kernel started: 4ae3bfdd-0e5b-4c0e-a883-4511fce2e8f7, name: python3
[I 14:15:19.132 NotebookApp] Starting buffering for 4ae3bfdd-0e5b-4c0e-a883-4511fce2e8f7:b0e0b9523d6f4b1a9ca718c34d010da5
[I 14:15:19.650 NotebookApp] Kernel restarted: 4ae3bfdd-0e5b-4c0e-a883-4511fce2e8f7
[I 14:15:19.777 NotebookApp] Restoring connection for 4ae3bfdd-0e5b-4c0e-a883-4511fce2e8f7:b0e0b9523d6f4b1a9ca718c34d010da5
[I 14:15:20.501 NotebookApp] Replaying 3 buffered messages
[I 14:16:02.557 NotebookApp] Saving file at /Untitled.ipynb
[I 14:16:36.124 NotebookApp] Kernel shutdown: f781e04c-9b89-4644-b6db-fd029b4dd355
[I 14:16:38.225 NotebookApp] Kernel shutdown: 4ae3bfdd-0e5b-4c0e-a883-4511fce2e8f7
[W 14:16:38.804 NotebookApp] 404 DELETE /api/sessions/ed12b8bc-b358-45c8-a24e-bdac454b4dce (::1): Session not found: session_id='ed12b8bc-b358-45c8-a24e-bdac454b4dce'
[W 14:16:38.804 NotebookApp] Session not found: session_id='ed12b8bc-b358-45c8-a24e-bdac454b4dce'
[W 14:16:38.805 NotebookApp] 404 DELETE /api/sessions/ed12b8bc-b358-45c8-a24e-bdac454b4dce (::1) 2.490000ms referer=http://127.0.0.1:8888/notebooks/Untitled.ipynb
[W 14:16:47.184 NotebookApp] 404 GET /nbextensions/widgets/notebook/js/extension.js?v=20210510141323 (::1) 3.340000ms referer=http://127.0.0.1:8888/notebooks/Untitled.ipynb
[I 14:16:47.370 NotebookApp] Kernel started: 6cba8c2f-7043-4dbd-afce-b8fe223fc818, name: python3
[I 14:18:47.465 NotebookApp] Saving file at /Untitled.ipynb
[C 14:27:23.389 NotebookApp] received signal 15, stopping
[I 14:27:23.390 NotebookApp] Shutting down 1 kernel
[I 14:27:23.892 NotebookApp] Kernel shutdown: 6cba8c2f-7043-4dbd-afce-b8fe223fc818
[I 14:27:23.893 NotebookApp] Shutting down 0 terminals
[I 14:27:34.418 NotebookApp] Serving notebooks from local directory: /home/achal/Imp_Research/Repository
[I 14:27:34.418 NotebookApp] Jupyter Notebook 6.3.0 is running at:
[I 14:27:34.418 NotebookApp] http://localhost:8888/?token=d37110e0ea04fa8e6df10902965bf856e18b11dbb472173b
[I 14:27:34.418 NotebookApp]  or http://127.0.0.1:8888/?token=d37110e0ea04fa8e6df10902965bf856e18b11dbb472173b
[I 14:27:34.418 NotebookApp] Use Control-C to stop this server and shut down all kernels (twice to skip confirmation).
[C 14:27:34.422 NotebookApp] 
    
    To access the notebook, open this file in a browser:
        file:///home/achal/.local/share/jupyter/runtime/nbserver-39645-open.html
    Or copy and paste one of these URLs:
        http://localhost:8888/?token=d37110e0ea04fa8e6df10902965bf856e18b11dbb472173b
     or http://127.0.0.1:8888/?token=d37110e0ea04fa8e6df10902965bf856e18b11dbb472173b
[I 14:27:50.032 NotebookApp] 302 GET /?token=d37110e0ea04fa8e6df10902965bf856e18b11dbb472173b (::1) 0.800000ms
[W 14:27:52.910 NotebookApp] 404 DELETE /api/sessions/bb214122-d12f-416a-ad61-0a3546eb9c11 (::1): Session not found: session_id='bb214122-d12f-416a-ad61-0a3546eb9c11'
[W 14:27:52.911 NotebookApp] Session not found: session_id='bb214122-d12f-416a-ad61-0a3546eb9c11'
[W 14:27:52.911 NotebookApp] 404 DELETE /api/sessions/bb214122-d12f-416a-ad61-0a3546eb9c11 (::1) 2.240000ms referer=http://127.0.0.1:8888/notebooks/Untitled.ipynb
[I 14:27:53.028 NotebookApp] Kernel started: 216f99b1-1a27-45df-84b2-ac3dec128e14, name: python3
[I 14:27:55.837 NotebookApp] Starting buffering for 216f99b1-1a27-45df-84b2-ac3dec128e14:170a03a249d64d18a7bb1f7a4b2649d6
[C 14:29:21.653 NotebookApp] received signal 15, stopping
[I 14:29:21.655 NotebookApp] Shutting down 1 kernel
[I 14:29:22.057 NotebookApp] Kernel shutdown: 216f99b1-1a27-45df-84b2-ac3dec128e14
[I 14:29:22.058 NotebookApp] Shutting down 0 terminals
